<?xml version="1.0" encoding="UTF-8"?>
<testng-results ignored="0" total="1" passed="1" failed="0" skipped="0">
  <reporter-output>
  </reporter-output>
  <suite started-at="2021-09-27T17:55:11 BDT" name="Default suite" finished-at="2021-09-27T17:55:17 BDT" duration-ms="6343">
    <groups>
    </groups>
    <test started-at="2021-09-27T17:55:11 BDT" name="Default test" finished-at="2021-09-27T17:55:17 BDT" duration-ms="6343">
      <class name="screenshots.ScreenShot">
        <test-method is-config="true" signature="setDriver()[pri:0, instance:screenshots.ScreenShot@46fa7c39]" started-at="2021-09-27T17:55:10 BDT" name="setDriver" finished-at="2021-09-27T17:55:11 BDT" duration-ms="1158" status="PASS">
          <reporter-output>
          </reporter-output>
        </test-method> <!-- setDriver -->
        <test-method signature="TakeScreenshot()[pri:0, instance:screenshots.ScreenShot@46fa7c39]" started-at="2021-09-27T17:55:11 BDT" name="TakeScreenshot" finished-at="2021-09-27T17:55:17 BDT" duration-ms="6324" status="PASS">
          <reporter-output>
          </reporter-output>
        </test-method> <!-- TakeScreenshot -->
        <test-method is-config="true" signature="close()[pri:0, instance:screenshots.ScreenShot@46fa7c39]" started-at="2021-09-27T17:55:17 BDT" name="close" finished-at="2021-09-27T17:55:21 BDT" duration-ms="4151" status="PASS">
          <reporter-output>
          </reporter-output>
        </test-method> <!-- close -->
      </class> <!-- screenshots.ScreenShot -->
    </test> <!-- Default test -->
  </suite> <!-- Default suite -->
</testng-results>
